1709524260.664861 client started (8303): version 3.4, socket /private/tmp/tmux-501/default, protocol 8
1709524260.664955 on Darwin 23.2.0 Darwin Kernel Version 23.2.0: Wed Nov 15 21:53:34 PST 2023; root:xnu-10002.61.3~2/RELEASE_ARM64_T8103
1709524260.664971 using libevent 2.1.12-stable select
1709524260.665394 using utf8proc 2.9.0
1709524260.665410 using ncurses 6.4 20221231
1709524260.665433 flags are 0x10010000
1709524260.665441 socket is /private/tmp/tmux-501/default
1709524260.665455 trying connect
1709524260.665506 add peer 0x158048000: 6 (0x0)
1709524260.667788 sending message 100 to peer 0x158048000 (4 bytes)
1709524260.667802 sending message 111 to peer 0x158048000 (8 bytes)
1709524260.667810 sending message 101 to peer 0x158048000 (16 bytes)
1709524260.667818 sending message 109 to peer 0x158048000 (4 bytes)
1709524260.667825 sending message 102 to peer 0x158048000 (13 bytes)
1709524260.667833 sending message 108 to peer 0x158048000 (50 bytes)
1709524260.667840 sending message 112 to peer 0x158048000 (70 bytes)
1709524260.667847 sending message 112 to peer 0x158048000 (5 bytes)
1709524260.667854 sending message 112 to peer 0x158048000 (5 bytes)
1709524260.667861 sending message 112 to peer 0x158048000 (6 bytes)
1709524260.667868 sending message 112 to peer 0x158048000 (6 bytes)
1709524260.667875 sending message 112 to peer 0x158048000 (11 bytes)
1709524260.667882 sending message 112 to peer 0x158048000 (10 bytes)
1709524260.667889 sending message 112 to peer 0x158048000 (13 bytes)
1709524260.667896 sending message 112 to peer 0x158048000 (13 bytes)
1709524260.667903 sending message 112 to peer 0x158048000 (18 bytes)
1709524260.667910 sending message 112 to peer 0x158048000 (11 bytes)
1709524260.667917 sending message 112 to peer 0x158048000 (21 bytes)
1709524260.667924 sending message 112 to peer 0x158048000 (13 bytes)
1709524260.667931 sending message 112 to peer 0x158048000 (7 bytes)
1709524260.667938 sending message 112 to peer 0x158048000 (13 bytes)
1709524260.667945 sending message 112 to peer 0x158048000 (7 bytes)
1709524260.667952 sending message 112 to peer 0x158048000 (13 bytes)
1709524260.667959 sending message 112 to peer 0x158048000 (9 bytes)
1709524260.667966 sending message 112 to peer 0x158048000 (21 bytes)
1709524260.667973 sending message 112 to peer 0x158048000 (13 bytes)
1709524260.667979 sending message 112 to peer 0x158048000 (8 bytes)
1709524260.667987 sending message 112 to peer 0x158048000 (12 bytes)
1709524260.667993 sending message 112 to peer 0x158048000 (13 bytes)
1709524260.668000 sending message 112 to peer 0x158048000 (9 bytes)
1709524260.668007 sending message 112 to peer 0x158048000 (9 bytes)
1709524260.668014 sending message 112 to peer 0x158048000 (12 bytes)
1709524260.668021 sending message 112 to peer 0x158048000 (8 bytes)
1709524260.668028 sending message 112 to peer 0x158048000 (7 bytes)
1709524260.668035 sending message 112 to peer 0x158048000 (7 bytes)
1709524260.668042 sending message 112 to peer 0x158048000 (9 bytes)
1709524260.668049 sending message 112 to peer 0x158048000 (13 bytes)
1709524260.668056 sending message 112 to peer 0x158048000 (9 bytes)
1709524260.668063 sending message 112 to peer 0x158048000 (15 bytes)
1709524260.668070 sending message 112 to peer 0x158048000 (13 bytes)
1709524260.668077 sending message 112 to peer 0x158048000 (12 bytes)
1709524260.668084 sending message 112 to peer 0x158048000 (8 bytes)
1709524260.668090 sending message 112 to peer 0x158048000 (14 bytes)
1709524260.668097 sending message 112 to peer 0x158048000 (9 bytes)
1709524260.668104 sending message 112 to peer 0x158048000 (10 bytes)
1709524260.668111 sending message 112 to peer 0x158048000 (10 bytes)
1709524260.668118 sending message 112 to peer 0x158048000 (10 bytes)
1709524260.668125 sending message 112 to peer 0x158048000 (10 bytes)
1709524260.668132 sending message 112 to peer 0x158048000 (11 bytes)
1709524260.668139 sending message 112 to peer 0x158048000 (10 bytes)
1709524260.668146 sending message 112 to peer 0x158048000 (8 bytes)
1709524260.668153 sending message 112 to peer 0x158048000 (11 bytes)
1709524260.668171 sending message 112 to peer 0x158048000 (11 bytes)
1709524260.668177 sending message 112 to peer 0x158048000 (11 bytes)
1709524260.668182 sending message 112 to peer 0x158048000 (8 bytes)
1709524260.668187 sending message 112 to peer 0x158048000 (8 bytes)
1709524260.668192 sending message 112 to peer 0x158048000 (8 bytes)
1709524260.668197 sending message 112 to peer 0x158048000 (10 bytes)
1709524260.668202 sending message 112 to peer 0x158048000 (10 bytes)
1709524260.668207 sending message 112 to peer 0x158048000 (10 bytes)
1709524260.668212 sending message 112 to peer 0x158048000 (10 bytes)
1709524260.668217 sending message 112 to peer 0x158048000 (10 bytes)
1709524260.668221 sending message 112 to peer 0x158048000 (11 bytes)
1709524260.668226 sending message 112 to peer 0x158048000 (11 bytes)
1709524260.668231 sending message 112 to peer 0x158048000 (10 bytes)
1709524260.668236 sending message 112 to peer 0x158048000 (9 bytes)
1709524260.668241 sending message 112 to peer 0x158048000 (9 bytes)
1709524260.668246 sending message 112 to peer 0x158048000 (12 bytes)
1709524260.668251 sending message 112 to peer 0x158048000 (9 bytes)
1709524260.668255 sending message 112 to peer 0x158048000 (6 bytes)
1709524260.668260 sending message 112 to peer 0x158048000 (13 bytes)
1709524260.668265 sending message 112 to peer 0x158048000 (8 bytes)
1709524260.668270 sending message 112 to peer 0x158048000 (15 bytes)
1709524260.668275 sending message 112 to peer 0x158048000 (13 bytes)
1709524260.668280 sending message 112 to peer 0x158048000 (70 bytes)
1709524260.668285 sending message 112 to peer 0x158048000 (69 bytes)
1709524260.668289 sending message 112 to peer 0x158048000 (10 bytes)
1709524260.668294 sending message 112 to peer 0x158048000 (8 bytes)
1709524260.668299 sending message 112 to peer 0x158048000 (15 bytes)
1709524260.668304 sending message 112 to peer 0x158048000 (13 bytes)
1709524260.668309 sending message 112 to peer 0x158048000 (10 bytes)
1709524260.668314 sending message 112 to peer 0x158048000 (10 bytes)
1709524260.668318 sending message 112 to peer 0x158048000 (5 bytes)
1709524260.668323 sending message 112 to peer 0x158048000 (15 bytes)
1709524260.668329 sending message 104 to peer 0x158048000 (0 bytes)
1709524260.668339 sending message 110 to peer 0x158048000 (0 bytes)
1709524260.668345 sending message 107 to peer 0x158048000 (4 bytes)
1709524260.668350 sending message 105 to peer 0x158048000 (20 bytes)
1709524260.668355 sending message 105 to peer 0x158048000 (22 bytes)
1709524260.668360 sending message 105 to peer 0x158048000 (19 bytes)
1709524260.668365 sending message 105 to peer 0x158048000 (37 bytes)
1709524260.668370 sending message 105 to peer 0x158048000 (30 bytes)
1709524260.668375 sending message 105 to peer 0x158048000 (34 bytes)
1709524260.668380 sending message 105 to peer 0x158048000 (60 bytes)
1709524260.668385 sending message 105 to peer 0x158048000 (17 bytes)
1709524260.668389 sending message 105 to peer 0x158048000 (8 bytes)
1709524260.668394 sending message 105 to peer 0x158048000 (15 bytes)
1709524260.668399 sending message 105 to peer 0x158048000 (32 bytes)
1709524260.668404 sending message 105 to peer 0x158048000 (96 bytes)
1709524260.668409 sending message 105 to peer 0x158048000 (94 bytes)
1709524260.668414 sending message 105 to peer 0x158048000 (21 bytes)
1709524260.668419 sending message 105 to peer 0x158048000 (12 bytes)
1709524260.668424 sending message 105 to peer 0x158048000 (11 bytes)
1709524260.668429 sending message 105 to peer 0x158048000 (675 bytes)
1709524260.668435 sending message 105 to peer 0x158048000 (54 bytes)
1709524260.668440 sending message 105 to peer 0x158048000 (15 bytes)
1709524260.668445 sending message 105 to peer 0x158048000 (8 bytes)
1709524260.668449 sending message 105 to peer 0x158048000 (66 bytes)
1709524260.668454 sending message 105 to peer 0x158048000 (21 bytes)
1709524260.668459 sending message 105 to peer 0x158048000 (18 bytes)
1709524260.668464 sending message 105 to peer 0x158048000 (25 bytes)
1709524260.668469 sending message 105 to peer 0x158048000 (57 bytes)
1709524260.668483 sending message 105 to peer 0x158048000 (43 bytes)
1709524260.668488 sending message 105 to peer 0x158048000 (48 bytes)
1709524260.668493 sending message 105 to peer 0x158048000 (13 bytes)
1709524260.668498 sending message 105 to peer 0x158048000 (54 bytes)
1709524260.668503 sending message 105 to peer 0x158048000 (12 bytes)
1709524260.668508 sending message 105 to peer 0x158048000 (33 bytes)
1709524260.668513 sending message 105 to peer 0x158048000 (47 bytes)
1709524260.668518 sending message 105 to peer 0x158048000 (72 bytes)
1709524260.668523 sending message 105 to peer 0x158048000 (64 bytes)
1709524260.668528 sending message 105 to peer 0x158048000 (15 bytes)
1709524260.668533 sending message 105 to peer 0x158048000 (70 bytes)
1709524260.668538 sending message 105 to peer 0x158048000 (14 bytes)
1709524260.668543 sending message 105 to peer 0x158048000 (19 bytes)
1709524260.668548 sending message 105 to peer 0x158048000 (29 bytes)
1709524260.668553 sending message 105 to peer 0x158048000 (26 bytes)
1709524260.668558 sending message 105 to peer 0x158048000 (22 bytes)
1709524260.668563 sending message 105 to peer 0x158048000 (44 bytes)
1709524260.668568 sending message 105 to peer 0x158048000 (38 bytes)
1709524260.668573 sending message 105 to peer 0x158048000 (17 bytes)
1709524260.668578 sending message 105 to peer 0x158048000 (10 bytes)
1709524260.668583 sending message 105 to peer 0x158048000 (25 bytes)
1709524260.668587 sending message 106 to peer 0x158048000 (0 bytes)
1709524260.668645 sending message 200 to peer 0x158048000 (4 bytes)
1709524260.668652 client loop enter
1709524260.668828 peer 0x158048000 message 303
1709524260.668838 open write file 2 -
1709524260.668851 sending message 305 to peer 0x158048000 (8 bytes)
1709524260.668866 write check file 2
1709524260.668891 peer 0x158048000 message 304
1709524260.668897 write 58 to file 2
1709524260.668903 peer 0x158048000 message 203
1709524260.668908 file 2 58 bytes left
1709524260.668922 write check file 2
1709524260.668927 client loop exit
